github.com/mahendrapaipuri/ceems/cmd/ceems_api_server/main.go:11:	main				0.0%
github.com/mahendrapaipuri/ceems/cmd/ceems_exporter/main.go:11:		main				0.0%
github.com/mahendrapaipuri/ceems/cmd/ceems_lb/main.go:11:		main				0.0%
github.com/mahendrapaipuri/ceems/pkg/api/cli/cli.go:37:			NewCEEMSServer			100.0%
github.com/mahendrapaipuri/ceems/pkg/api/cli/cli.go:45:			Main				65.6%
github.com/mahendrapaipuri/ceems/pkg/api/db/db.go:57:			String				0.0%
github.com/mahendrapaipuri/ceems/pkg/api/db/db.go:89:			init				96.2%
github.com/mahendrapaipuri/ceems/pkg/api/db/db.go:164:			NewStatsDB			70.7%
github.com/mahendrapaipuri/ceems/pkg/api/db/db.go:269:			Collect				20.0%
github.com/mahendrapaipuri/ceems/pkg/api/db/db.go:303:			Backup				0.0%
github.com/mahendrapaipuri/ceems/pkg/api/db/db.go:308:			Stop				100.0%
github.com/mahendrapaipuri/ceems/pkg/api/db/db.go:313:			getJobStats			85.2%
github.com/mahendrapaipuri/ceems/pkg/api/db/db.go:368:			purgeExpiredUnits		85.7%
github.com/mahendrapaipuri/ceems/pkg/api/db/db.go:387:			prepareStatements		85.7%
github.com/mahendrapaipuri/ceems/pkg/api/db/db.go:400:			execStatements			75.0%
github.com/mahendrapaipuri/ceems/pkg/api/db/db.go:532:			backup				71.4%
github.com/mahendrapaipuri/ceems/pkg/api/db/db.go:583:			vacuum				75.0%
github.com/mahendrapaipuri/ceems/pkg/api/db/db.go:592:			createBackup			0.0%
github.com/mahendrapaipuri/ceems/pkg/api/db/helpers.go:28:		makeDSN				100.0%
github.com/mahendrapaipuri/ceems/pkg/api/db/helpers.go:39:		writeTimeStampToFile		75.0%
github.com/mahendrapaipuri/ceems/pkg/api/db/helpers.go:49:		openDBConnection		72.7%
github.com/mahendrapaipuri/ceems/pkg/api/db/helpers.go:68:		setupDB				62.5%
github.com/mahendrapaipuri/ceems/pkg/api/db/migrate.go:24:		NewMigrator			75.0%
github.com/mahendrapaipuri/ceems/pkg/api/db/migrate.go:36:		ApplyMigrations			76.9%
github.com/mahendrapaipuri/ceems/pkg/api/helper/helper.go:18:		replaceNodelistDelimiter	100.0%
github.com/mahendrapaipuri/ceems/pkg/api/helper/helper.go:50:		expandNodelist			87.0%
github.com/mahendrapaipuri/ceems/pkg/api/helper/helper.go:98:		NodelistParser			100.0%
github.com/mahendrapaipuri/ceems/pkg/api/helper/helper.go:103:		TimeToTimestamp			0.0%
github.com/mahendrapaipuri/ceems/pkg/api/helper/helper.go:111:		ChunkBy				0.0%
github.com/mahendrapaipuri/ceems/pkg/api/http/error.go:22:		Error				0.0%
github.com/mahendrapaipuri/ceems/pkg/api/http/error.go:55:		errorResponse			43.8%
github.com/mahendrapaipuri/ceems/pkg/api/http/middleware.go:33:		updateAdminUsers		0.0%
github.com/mahendrapaipuri/ceems/pkg/api/http/middleware.go:52:		Middleware			88.5%
github.com/mahendrapaipuri/ceems/pkg/api/http/querier.go:26:		query				100.0%
github.com/mahendrapaipuri/ceems/pkg/api/http/querier.go:31:		param				100.0%
github.com/mahendrapaipuri/ceems/pkg/api/http/querier.go:37:		subQuery			100.0%
github.com/mahendrapaipuri/ceems/pkg/api/http/querier.go:44:		get				100.0%
github.com/mahendrapaipuri/ceems/pkg/api/http/querier.go:52:		scanUsage			85.7%
github.com/mahendrapaipuri/ceems/pkg/api/http/querier.go:65:		scanProjects			0.0%
github.com/mahendrapaipuri/ceems/pkg/api/http/querier.go:78:		scanUnits			88.9%
github.com/mahendrapaipuri/ceems/pkg/api/http/querier.go:93:		querier				66.0%
github.com/mahendrapaipuri/ceems/pkg/api/http/server.go:75:		init				100.0%
github.com/mahendrapaipuri/ceems/pkg/api/http/server.go:95:		getDBStatus			0.0%
github.com/mahendrapaipuri/ceems/pkg/api/http/server.go:104:		NewCEEMSServer			78.9%
github.com/mahendrapaipuri/ceems/pkg/api/http/server.go:171:		Start				0.0%
github.com/mahendrapaipuri/ceems/pkg/api/http/server.go:181:		Shutdown			0.0%
github.com/mahendrapaipuri/ceems/pkg/api/http/server.go:197:		getUser				100.0%
github.com/mahendrapaipuri/ceems/pkg/api/http/server.go:202:		setHeaders			100.0%
github.com/mahendrapaipuri/ceems/pkg/api/http/server.go:208:		health				0.0%
github.com/mahendrapaipuri/ceems/pkg/api/http/server.go:221:		getCommonQueryParams		50.0%
github.com/mahendrapaipuri/ceems/pkg/api/http/server.go:231:		getQueryWindow			88.2%
github.com/mahendrapaipuri/ceems/pkg/api/http/server.go:278:		unitsQuerier			68.9%
github.com/mahendrapaipuri/ceems/pkg/api/http/server.go:378:		unitsAdmin			0.0%
github.com/mahendrapaipuri/ceems/pkg/api/http/server.go:385:		units				100.0%
github.com/mahendrapaipuri/ceems/pkg/api/http/server.go:395:		projects			68.8%
github.com/mahendrapaipuri/ceems/pkg/api/http/server.go:429:		projectsSubQuery		0.0%
github.com/mahendrapaipuri/ceems/pkg/api/http/server.go:444:		currentUsage			0.0%
github.com/mahendrapaipuri/ceems/pkg/api/http/server.go:500:		globalUsage			0.0%
github.com/mahendrapaipuri/ceems/pkg/api/http/server.go:538:		usage				0.0%
github.com/mahendrapaipuri/ceems/pkg/api/http/server.go:566:		usageAdmin			0.0%
github.com/mahendrapaipuri/ceems/pkg/api/resource/manager.go:35:	RegisterManager			90.9%
github.com/mahendrapaipuri/ceems/pkg/api/resource/manager.go:59:	NewManager			0.0%
github.com/mahendrapaipuri/ceems/pkg/api/resource/manager.go:83:	Fetch				0.0%
github.com/mahendrapaipuri/ceems/pkg/api/resource/slurm.go:45:		init				100.0%
github.com/mahendrapaipuri/ceems/pkg/api/resource/slurm.go:56:		preflightChecks			0.0%
github.com/mahendrapaipuri/ceems/pkg/api/resource/slurm.go:122:		NewSlurmScheduler		0.0%
github.com/mahendrapaipuri/ceems/pkg/api/resource/slurm.go:137:		Fetch				0.0%
github.com/mahendrapaipuri/ceems/pkg/api/resource/slurm.go:155:		runSacctCmd			0.0%
github.com/mahendrapaipuri/ceems/pkg/api/resource/slurm.go:179:		parseSacctCmdOutput		84.7%
github.com/mahendrapaipuri/ceems/pkg/api/updater/tsdb.go:55:		init				100.0%
github.com/mahendrapaipuri/ceems/pkg/api/updater/tsdb.go:60:		NewTSDBUpdater			77.8%
github.com/mahendrapaipuri/ceems/pkg/api/updater/tsdb.go:78:		queryString			100.0%
github.com/mahendrapaipuri/ceems/pkg/api/updater/tsdb.go:96:		fetchAggMetrics			87.0%
github.com/mahendrapaipuri/ceems/pkg/api/updater/tsdb.go:150:		Update				94.1%
github.com/mahendrapaipuri/ceems/pkg/api/updater/tsdb.go:274:		deleteTimeSeries		0.0%
github.com/mahendrapaipuri/ceems/pkg/api/updater/updater.go:39:		RegisterUpdater			90.9%
github.com/mahendrapaipuri/ceems/pkg/api/updater/updater.go:60:		NewUnitUpdater			0.0%
github.com/mahendrapaipuri/ceems/pkg/api/updater/updater.go:83:		Update				0.0%
github.com/mahendrapaipuri/ceems/pkg/collector/cli.go:46:		NewCEEMSExporter		0.0%
github.com/mahendrapaipuri/ceems/pkg/collector/cli.go:54:		newHandler			85.7%
github.com/mahendrapaipuri/ceems/pkg/collector/cli.go:76:		Main				80.6%
github.com/mahendrapaipuri/ceems/pkg/collector/collector.go:47:		RegisterCollector		100.0%
github.com/mahendrapaipuri/ceems/pkg/collector/collector.go:80:		DisableDefaultCollectors	0.0%
github.com/mahendrapaipuri/ceems/pkg/collector/collector.go:93:		collectorFlagAction		33.3%
github.com/mahendrapaipuri/ceems/pkg/collector/collector.go:101:	NewCEEMSCollector		63.6%
github.com/mahendrapaipuri/ceems/pkg/collector/collector.go:135:	Describe			100.0%
github.com/mahendrapaipuri/ceems/pkg/collector/collector.go:141:	Collect				57.1%
github.com/mahendrapaipuri/ceems/pkg/collector/collector.go:153:	execute				0.0%
github.com/mahendrapaipuri/ceems/pkg/collector/collector.go:184:	IsNoDataError			0.0%
github.com/mahendrapaipuri/ceems/pkg/collector/cpu.go:38:		init				100.0%
github.com/mahendrapaipuri/ceems/pkg/collector/cpu.go:43:		NewCPUCollector			75.0%
github.com/mahendrapaipuri/ceems/pkg/collector/cpu.go:68:		Update				0.0%
github.com/mahendrapaipuri/ceems/pkg/collector/cpu.go:96:		updateCPUStats			100.0%
github.com/mahendrapaipuri/ceems/pkg/collector/emissions.go:38:		init				100.0%
github.com/mahendrapaipuri/ceems/pkg/collector/emissions.go:43:		convertISO2ToISO3		75.0%
github.com/mahendrapaipuri/ceems/pkg/collector/emissions.go:53:		NewEmissionsCollector		0.0%
github.com/mahendrapaipuri/ceems/pkg/collector/emissions.go:91:		Update				0.0%
github.com/mahendrapaipuri/ceems/pkg/collector/handler.go:30:		ServeHTTP			41.7%
github.com/mahendrapaipuri/ceems/pkg/collector/handler.go:55:		innerHandler			90.5%
github.com/mahendrapaipuri/ceems/pkg/collector/helper.go:30:		fileExists			100.0%
github.com/mahendrapaipuri/ceems/pkg/collector/helper.go:39:		findNamedMatches		100.0%
github.com/mahendrapaipuri/ceems/pkg/collector/helper.go:60:		SanitizeMetricName		0.0%
github.com/mahendrapaipuri/ceems/pkg/collector/helper.go:65:		LoadCgroupsV2Metrics		0.0%
github.com/mahendrapaipuri/ceems/pkg/collector/helper.go:104:		GetGPUDevices			60.0%
github.com/mahendrapaipuri/ceems/pkg/collector/helper.go:114:		parseNvidiaSmiOutput		84.2%
github.com/mahendrapaipuri/ceems/pkg/collector/helper.go:162:		GetNvidiaGPUDevices		0.0%
github.com/mahendrapaipuri/ceems/pkg/collector/helper.go:187:		parseAmdSmioutput		88.2%
github.com/mahendrapaipuri/ceems/pkg/collector/helper.go:226:		GetAMDGPUDevices		0.0%
github.com/mahendrapaipuri/ceems/pkg/collector/ipmi.go:148:		init				100.0%
github.com/mahendrapaipuri/ceems/pkg/collector/ipmi.go:153:		NewIPMICollector		69.2%
github.com/mahendrapaipuri/ceems/pkg/collector/ipmi.go:228:		findIPMICmd			100.0%
github.com/mahendrapaipuri/ceems/pkg/collector/ipmi.go:240:		getValue			88.9%
github.com/mahendrapaipuri/ceems/pkg/collector/ipmi.go:257:		Update				0.0%
github.com/mahendrapaipuri/ceems/pkg/collector/ipmi.go:280:		getPowerReadings		0.0%
github.com/mahendrapaipuri/ceems/pkg/collector/ipmi.go:302:		parseCapmcOutput		91.7%
github.com/mahendrapaipuri/ceems/pkg/collector/ipmi.go:330:		parseIPMIOutput			90.9%
github.com/mahendrapaipuri/ceems/pkg/collector/ipmi.go:354:		executeIPMICmd			0.0%
github.com/mahendrapaipuri/ceems/pkg/collector/meminfo.go:33:		init				100.0%
github.com/mahendrapaipuri/ceems/pkg/collector/meminfo.go:38:		NewMeminfoCollector		100.0%
github.com/mahendrapaipuri/ceems/pkg/collector/meminfo.go:47:		Update				0.0%
github.com/mahendrapaipuri/ceems/pkg/collector/meminfo.go:85:		getMemInfo			0.0%
github.com/mahendrapaipuri/ceems/pkg/collector/meminfo.go:96:		parseMemInfo			82.4%
github.com/mahendrapaipuri/ceems/pkg/collector/paths.go:19:		sysFilePath			100.0%
github.com/mahendrapaipuri/ceems/pkg/collector/paths.go:23:		procFilePath			100.0%
github.com/mahendrapaipuri/ceems/pkg/collector/paths.go:27:		cgroupFilePath			100.0%
github.com/mahendrapaipuri/ceems/pkg/collector/rapl.go:29:		init				100.0%
github.com/mahendrapaipuri/ceems/pkg/collector/rapl.go:41:		NewRaplCollector		83.3%
github.com/mahendrapaipuri/ceems/pkg/collector/rapl.go:63:		Update				0.0%
github.com/mahendrapaipuri/ceems/pkg/collector/rapl.go:101:		joulesMetric			0.0%
github.com/mahendrapaipuri/ceems/pkg/collector/rapl.go:122:		joulesMetricWithZoneLabel	0.0%
github.com/mahendrapaipuri/ceems/pkg/collector/slurm.go:157:		init				100.0%
github.com/mahendrapaipuri/ceems/pkg/collector/slurm.go:162:		NewSlurmCollector		60.6%
github.com/mahendrapaipuri/ceems/pkg/collector/slurm.go:347:		subsystem			100.0%
github.com/mahendrapaipuri/ceems/pkg/collector/slurm.go:357:		Update				0.0%
github.com/mahendrapaipuri/ceems/pkg/collector/slurm.go:436:		getJobsMetrics			86.8%
github.com/mahendrapaipuri/ceems/pkg/collector/slurm.go:502:		getMetrics			100.0%
github.com/mahendrapaipuri/ceems/pkg/collector/slurm.go:511:		parseCPUSet			62.5%
github.com/mahendrapaipuri/ceems/pkg/collector/slurm.go:546:		getCPUs				73.3%
github.com/mahendrapaipuri/ceems/pkg/collector/slurm.go:572:		readJobPropsFromProlog		84.2%
github.com/mahendrapaipuri/ceems/pkg/collector/slurm.go:624:		readJobPropsFromEnviron		91.1%
github.com/mahendrapaipuri/ceems/pkg/collector/slurm.go:715:		emptyJobProps			100.0%
github.com/mahendrapaipuri/ceems/pkg/collector/slurm.go:721:		getJobProperties		84.8%
github.com/mahendrapaipuri/ceems/pkg/collector/slurm.go:813:		getCgroupsV1Metrics		77.8%
github.com/mahendrapaipuri/ceems/pkg/collector/slurm.go:891:		getCgroupsV2Metrics		77.6%
github.com/mahendrapaipuri/ceems/pkg/emissions/emaps.go:36:		init				100.0%
github.com/mahendrapaipuri/ceems/pkg/emissions/emaps.go:42:		NewEMapsProvider		0.0%
github.com/mahendrapaipuri/ceems/pkg/emissions/emaps.go:67:		Update				84.6%
github.com/mahendrapaipuri/ceems/pkg/emissions/emaps.go:94:		makeEMapsAPIRequest		0.0%
github.com/mahendrapaipuri/ceems/pkg/emissions/global.go:21:		init				100.0%
github.com/mahendrapaipuri/ceems/pkg/emissions/global.go:27:		NewGlobalProvider		0.0%
github.com/mahendrapaipuri/ceems/pkg/emissions/global.go:34:		Update				0.0%
github.com/mahendrapaipuri/ceems/pkg/emissions/owid.go:26:		init				83.3%
github.com/mahendrapaipuri/ceems/pkg/emissions/owid.go:56:		NewOWIDProvider			0.0%
github.com/mahendrapaipuri/ceems/pkg/emissions/owid.go:67:		Update				60.0%
github.com/mahendrapaipuri/ceems/pkg/emissions/provider.go:24:		init				60.0%
github.com/mahendrapaipuri/ceems/pkg/emissions/provider.go:38:		RegisterProvider		100.0%
github.com/mahendrapaipuri/ceems/pkg/emissions/provider.go:47:		NewFactorProviders		0.0%
github.com/mahendrapaipuri/ceems/pkg/emissions/provider.go:65:		Collect				0.0%
github.com/mahendrapaipuri/ceems/pkg/emissions/rte.go:34:		init				100.0%
github.com/mahendrapaipuri/ceems/pkg/emissions/rte.go:40:		NewRTEProvider			0.0%
github.com/mahendrapaipuri/ceems/pkg/emissions/rte.go:61:		Update				84.6%
github.com/mahendrapaipuri/ceems/pkg/emissions/rte.go:87:		makeRTEAPIRequest		0.0%
github.com/mahendrapaipuri/ceems/pkg/grafana/grafana.go:45:		NewGrafana			84.6%
github.com/mahendrapaipuri/ceems/pkg/grafana/grafana.go:81:		String				0.0%
github.com/mahendrapaipuri/ceems/pkg/grafana/grafana.go:86:		Available			100.0%
github.com/mahendrapaipuri/ceems/pkg/grafana/grafana.go:91:		Ping				83.3%
github.com/mahendrapaipuri/ceems/pkg/grafana/grafana.go:113:		TeamMembers			84.0%
github.com/mahendrapaipuri/ceems/pkg/lb/backend/backend.go:47:		NewTSDBServer			60.0%
github.com/mahendrapaipuri/ceems/pkg/lb/backend/backend.go:73:		String				66.7%
github.com/mahendrapaipuri/ceems/pkg/lb/backend/backend.go:81:		RetentionPeriod			100.0%
github.com/mahendrapaipuri/ceems/pkg/lb/backend/backend.go:109:		ActiveConnections		0.0%
github.com/mahendrapaipuri/ceems/pkg/lb/backend/backend.go:117:		SetAlive			100.0%
github.com/mahendrapaipuri/ceems/pkg/lb/backend/backend.go:124:		IsAlive				100.0%
github.com/mahendrapaipuri/ceems/pkg/lb/backend/backend.go:132:		URL				100.0%
github.com/mahendrapaipuri/ceems/pkg/lb/backend/backend.go:137:		Serve				0.0%
github.com/mahendrapaipuri/ceems/pkg/lb/backend/backend.go:160:		fetchRetentionPeriod		83.3%
github.com/mahendrapaipuri/ceems/pkg/lb/cli/cli.go:37:			NewCEEMSLoadBalancer		0.0%
github.com/mahendrapaipuri/ceems/pkg/lb/cli/cli.go:45:			Main				78.1%
github.com/mahendrapaipuri/ceems/pkg/lb/cli/helpers.go:22:		getLBConfig			80.0%
github.com/mahendrapaipuri/ceems/pkg/lb/frontend/frontend.go:67:	NewLoadBalancer			83.3%
github.com/mahendrapaipuri/ceems/pkg/lb/frontend/frontend.go:92:	Start				0.0%
github.com/mahendrapaipuri/ceems/pkg/lb/frontend/frontend.go:103:	Shutdown			0.0%
github.com/mahendrapaipuri/ceems/pkg/lb/frontend/frontend.go:122:	userUnits			81.8%
github.com/mahendrapaipuri/ceems/pkg/lb/frontend/frontend.go:231:	Serve				74.1%
github.com/mahendrapaipuri/ceems/pkg/lb/frontend/helpers.go:34:		islice				100.0%
github.com/mahendrapaipuri/ceems/pkg/lb/frontend/helpers.go:44:		AllowRetry			0.0%
github.com/mahendrapaipuri/ceems/pkg/lb/frontend/helpers.go:52:		Monitor				0.0%
github.com/mahendrapaipuri/ceems/pkg/lb/frontend/helpers.go:81:		parseTimeParam			100.0%
github.com/mahendrapaipuri/ceems/pkg/lb/frontend/helpers.go:94:		parseTime			100.0%
github.com/mahendrapaipuri/ceems/pkg/lb/frontend/helpers.go:118:	healthCheck			0.0%
github.com/mahendrapaipuri/ceems/pkg/lb/frontend/helpers.go:142:	isAlive				0.0%
github.com/mahendrapaipuri/ceems/pkg/lb/serverpool/leastconn.go:19:	Target				100.0%
github.com/mahendrapaipuri/ceems/pkg/lb/serverpool/leastconn.go:40:	Add				100.0%
github.com/mahendrapaipuri/ceems/pkg/lb/serverpool/leastconn.go:44:	Size				100.0%
github.com/mahendrapaipuri/ceems/pkg/lb/serverpool/leastconn.go:48:	Backends			0.0%
github.com/mahendrapaipuri/ceems/pkg/lb/serverpool/manager.go:22:	NewManager			100.0%
github.com/mahendrapaipuri/ceems/pkg/lb/serverpool/resource.go:26:	Target				92.3%
github.com/mahendrapaipuri/ceems/pkg/lb/serverpool/resource.go:78:	Backends			0.0%
github.com/mahendrapaipuri/ceems/pkg/lb/serverpool/resource.go:83:	Add				100.0%
github.com/mahendrapaipuri/ceems/pkg/lb/serverpool/resource.go:88:	Size				100.0%
github.com/mahendrapaipuri/ceems/pkg/lb/serverpool/roundrobin.go:21:	Rotate				100.0%
github.com/mahendrapaipuri/ceems/pkg/lb/serverpool/roundrobin.go:29:	Target				83.3%
github.com/mahendrapaipuri/ceems/pkg/lb/serverpool/roundrobin.go:41:	Backends			0.0%
github.com/mahendrapaipuri/ceems/pkg/lb/serverpool/roundrobin.go:46:	Add				100.0%
github.com/mahendrapaipuri/ceems/pkg/lb/serverpool/roundrobin.go:51:	Size				100.0%
github.com/mahendrapaipuri/ceems/pkg/tsdb/helpers.go:10:		Request				75.0%
github.com/mahendrapaipuri/ceems/pkg/tsdb/tsdb.go:55:			NewTSDB				85.7%
github.com/mahendrapaipuri/ceems/pkg/tsdb/tsdb.go:95:			String				0.0%
github.com/mahendrapaipuri/ceems/pkg/tsdb/tsdb.go:100:			Available			100.0%
github.com/mahendrapaipuri/ceems/pkg/tsdb/tsdb.go:105:			Ping				83.3%
github.com/mahendrapaipuri/ceems/pkg/tsdb/tsdb.go:117:			Config				88.9%
github.com/mahendrapaipuri/ceems/pkg/tsdb/tsdb.go:136:			GlobalConfig			83.3%
github.com/mahendrapaipuri/ceems/pkg/tsdb/tsdb.go:151:			ScrapeInterval			86.7%
github.com/mahendrapaipuri/ceems/pkg/tsdb/tsdb.go:182:			RateInterval			100.0%
github.com/mahendrapaipuri/ceems/pkg/tsdb/tsdb.go:188:			Query				80.6%
github.com/mahendrapaipuri/ceems/pkg/tsdb/tsdb.go:268:			Delete				0.0%
total:									(statements)			60.2%
